Wrote output\imagegen\xtd-hd-assets\raw\Backgrounds__battlefield_honghuang_ai.png
Wrote output\imagegen\xtd-hd-assets\raw\Battle__boss_black_wind_battle.png
Wrote output\imagegen\xtd-hd-assets\raw\Battle__boss_bone_queen_battle.png
Wrote output\imagegen\xtd-hd-assets\raw\Battle__boss_chaos_lord_battle.png
Wrote output\imagegen\xtd-hd-assets\raw\Battle__enemy_alpha_battle.png
Wrote output\imagegen\xtd-hd-assets\raw\Battle__enemy_bone_elite_battle.png
Wrote output\imagegen\xtd-hd-assets\raw\Battle__enemy_brute_battle.png
Wrote output\imagegen\xtd-hd-assets\raw\Battle__enemy_grunt_battle.png
Wrote output\imagegen\xtd-hd-assets\raw\Battle__enemy_imp_archer_battle.png
Wrote output\imagegen\xtd-hd-assets\raw\Battle__enemy_ox_elite_battle.png
Wrote output\imagegen\xtd-hd-assets\raw\Battle__enemy_venom_shaman_battle.png
Wrote output\imagegen\xtd-hd-assets\raw\Battle__unit_archer_battle.png
Wrote output\imagegen\xtd-hd-assets\raw\Battle__enemy_wolf_elite_battle.png
Wrote output\imagegen\xtd-hd-assets\raw\Battle__unit_bagua_wall_battle.png
Wrote output\imagegen\xtd-hd-assets\raw\Battle__unit_heaven_general_battle.png
Wrote output\imagegen\xtd-hd-assets\raw\Battle__unit_incense_barracks_battle.png
Wrote output\imagegen\xtd-hd-assets\raw\Battle__unit_militia_battle.png
Wrote output\imagegen\xtd-hd-assets\raw\Battle__unit_monkey_vanguard_battle.png
Wrote output\imagegen\xtd-hd-assets\raw\Battle__unit_spirit_arrow_altar_battle.png
Wrote output\imagegen\xtd-hd-assets\raw\Battle__unit_thunder_drum_tower_battle.png
Wrote output\imagegen\xtd-hd-assets\raw\Battle__unit_thunder_guard_battle.png
Wrote output\imagegen\xtd-hd-assets\raw\Cards__card_curse_demon_fog.png
Wrote output\imagegen\xtd-hd-assets\raw\Cards__card_archer.png
Wrote output\imagegen\xtd-hd-assets\raw\Cards__card_curse_karmic_fire.png
Wrote output\imagegen\xtd-hd-assets\raw\Cards__card_curse_heavy_karma.png
Wrote output\imagegen\xtd-hd-assets\raw\Cards__card_enemy_alpha.png
Wrote output\imagegen\xtd-hd-assets\raw\Cards__card_enemy_brute.png
Wrote output\imagegen\xtd-hd-assets\raw\Cards__card_enemy_grunt.png
Wrote output\imagegen\xtd-hd-assets\raw\Cards__card_fireball.png
Wrote output\imagegen\xtd-hd-assets\raw\Cards__card_golden_barrier.png
Wrote output\imagegen\xtd-hd-assets\raw\Cards__card_heaven_general_order.png
Wrote output\imagegen\xtd-hd-assets\raw\Cards__card_heavenly_workshop.png
Wrote output\imagegen\xtd-hd-assets\raw\Cards__card_heaven_soldier_talisman.png
Wrote output\imagegen\xtd-hd-assets\raw\Cards__card_incense_barracks.png
Wrote output\imagegen\xtd-hd-assets\raw\Cards__card_militia.png
Wrote output\imagegen\xtd-hd-assets\raw\Cards__card_monkey_hero.png
Wrote output\imagegen\xtd-hd-assets\raw\Cards__card_pangu_spark.png
Wrote output\imagegen\xtd-hd-assets\raw\Cards__card_rally.png
Wrote output\imagegen\xtd-hd-assets\raw\Cards__card_nezha_order.png
Wrote output\imagegen\xtd-hd-assets\raw\Cards__card_reward_back.png
Wrote output\imagegen\xtd-hd-assets\raw\Cards__card_roadblock.png
Wrote output\imagegen\xtd-hd-assets\raw\Cards__card_spirit_arrow_altar.png
Wrote output\imagegen\xtd-hd-assets\raw\Cards__card_star_river_decree.png
Wrote output\imagegen\xtd-hd-assets\raw\Cards__card_thunder_drum_tower.png
Wrote output\imagegen\xtd-hd-assets\raw\Cards__card_thunder_talisman.png
Wrote output\imagegen\xtd-hd-assets\raw\FX__fx_boss_blast.png
Wrote output\imagegen\xtd-hd-assets\raw\FX__fx_boss_warning.png
